<?xml version="1.0" encoding="UTF-8"?>
<testng-results skipped="0" failed="0" total="3" passed="3">
  <reporter-output>
  </reporter-output>
  <suite name="Suite" duration-ms="72484" started-at="2020-06-13T16:03:42Z" finished-at="2020-06-13T16:04:54Z">
    <groups>
    </groups>
    <test name="Test" duration-ms="72484" started-at="2020-06-13T16:03:42Z" finished-at="2020-06-13T16:04:54Z">
      <class name="TestCases.RegisterTest">
        <test-method status="PASS" signature="register()[pri:0, instance:TestCases.RegisterTest@7972861e]" name="register" duration-ms="69915" started-at="2020-06-13T21:33:44Z" finished-at="2020-06-13T21:34:54Z">
          <reporter-output>
          </reporter-output>
        </test-method> <!-- register -->
      </class> <!-- TestCases.RegisterTest -->
      <class name="TestCases.HomeTest">
        <test-method status="PASS" signature="openBrowser()[pri:0, instance:TestCases.HomeTest@e58f8bf7]" name="openBrowser" is-config="true" duration-ms="11632" started-at="2020-06-13T21:33:30Z" finished-at="2020-06-13T21:33:42Z">
          <reporter-output>
          </reporter-output>
        </test-method> <!-- openBrowser -->
        <test-method status="PASS" signature="signup()[pri:0, instance:TestCases.HomeTest@e58f8bf7]" name="signup" duration-ms="2149" started-at="2020-06-13T21:33:42Z" finished-at="2020-06-13T21:33:44Z">
          <reporter-output>
          </reporter-output>
        </test-method> <!-- signup -->
      </class> <!-- TestCases.HomeTest -->
      <class name="TestCases.SigningTest">
        <test-method status="PASS" signature="signUp()[pri:0, instance:TestCases.SigningTest@f78ccf32]" name="signUp" duration-ms="388" started-at="2020-06-13T21:33:44Z" finished-at="2020-06-13T21:33:44Z">
          <reporter-output>
          </reporter-output>
        </test-method> <!-- signUp -->
      </class> <!-- TestCases.SigningTest -->
    </test> <!-- Test -->
  </suite> <!-- Suite -->
</testng-results>
